Turbo Assembler	 Version 4.1	    06/01/24 10:52:46	    Page 1
lab2fun.asm



      1	0000			     code segment byte public
      2					     assume  cs:code,ds:code
      3					 public	 PadCh
      4
      5	0000			     PadCh   proc far
      6				     ; адреса параметров в стеке:
      7	      =	byte ptr [bp+6]	     Len     equ  byte ptr [bp+6]  ;  адрес параметра Len:Byte
      8	      =	byte ptr [bp+8]	     Ch1     equ  byte ptr [bp+8]  ;  адрес параметра Сh1 :Char
      9	      =	dword ptr [bp+10]    S	     equ  dword	ptr [bp+10];  адрес строки S:string
     10	      =	dword ptr [bp+14]    Res     equ  dword	ptr [bp+14];  адрес строки результата
     11	0000  55			     push  bp	   ; сохранение bp
     12	0001  8B EC			     mov   bp,sp   ; настройка	bp на	вершину стека
     13	0003  1E			     push  ds	   ; сохранение ds
     14	0004  C4 7E 0E			     les   di,Res  ; es:di:=адрес результата
     15	0007  C5 76 0A			     lds   si,S	   ; ds:si:=адрес исходной	строки
     16	000A  FC			     cld ; очистка флага направления (инкремент)
     17	000B  AC			     lodsb ; al:=(ds:[si]), si:=si+1 (al - длина S)
     18	000C  AA			     stosb ; (es:[di]):=al, di:=di+1 (запись длины)
     19	000D  B5 00			     mov   ch,0; подготовка сх в качестве счетчика
     20	000F  8A C8			     mov   cl,al; количества символов	строки S
     21	0011  E3 11			     jcxz  CopyChStr ; если	S - пустая строка (сх=0)
     22	0013  51			     push cx ;Сохраняем значение длины строки
     23	0014  F3> A4			     rep movsb ; Копируем строку cx:=cx-1, si:=si+1 и di:=di+1
     24	0016  59			     pop cx; Получаем длину строки
     25	0017  2A 4E 06			     sub cl, Len ;Находим разницу	повторений
     26	001A  80 F9 00				     cmp cl,0
     27	001D  7D 14				     jge Exit
     28	001F  F6 D9			     neg cl
     29	0021  EB 04 90			     jmp CopyStr
     30				     ; Заполням	строку символ С
     31	0024			     CopyChStr:
     32	0024  8A 4E 06			     mov cl, Len
     33	0027			     CopyStr:
     34	0027  8A 46 08			     mov al, Ch1 ; записываем	символ, которым будем		    +
     35				     заполнять	строку
     36	002A  F3> AA			     rep  stosb	; заполняем строку символами cx:=cx-1 и di:=di+1
     37	002C  8A 46 06			     mov al, Len ; записываем	длину строки
     38	002F  8B 7E 0E			     mov di, word ptr[bp+14] ; возвращаем индекс к началу строки
     39	0032  AA			     stosb ; записываем длину и	смещаемся di:=di+1
     40	0033  1F		     Exit:   pop   ds	   ; восстановить ds
     41	0034  5D			     pop   bp	   ; восстановить bp
     42	0035  CA 0008			     ret 8; выход с удалением параметров Ch1,Ch2 и адреса S +
     43				     (Res удалять нельзя!)
     44	0038			     PadCh  endp
     45	0038			     code   ends
     46					    end
Turbo Assembler	 Version 4.1	    06/01/24 10:52:46	    Page 2
Symbol Table




Symbol Name			  Type	 Value

??DATE				  Text	 "06/01/24"
??FILENAME			  Text	 "lab2fun "
??TIME				  Text	 "10:52:46"
??VERSION			  Number 040A
@CPU				  Text	 0101H
@CURSEG				  Text	 CODE
@FILENAME			  Text	 LAB2FUN
@WORDSIZE			  Text	 2
CH1				  Text	 byte ptr [bp+8]
COPYCHSTR			  Near	 CODE:0024
COPYSTR				  Near	 CODE:0027
EXIT				  Near	 CODE:0033
LEN				  Text	 byte ptr [bp+6]
PADCH				  Far	 CODE:0000
RES				  Text	 dword ptr [bp+14]
S				  Text	 dword ptr [bp+10]

Groups & Segments		  Bit Size Align  Combine Class

CODE				  16  0038 Byte	  Public
