Turbo Assembler	 Version 4.1	    04/05/24 08:45:38	    Page 1
lab3.asm



      1	0000			     cseg    segment
      2					     assume cs:cseg,ds:cseg
      3
      4				     ; аргументы функции
      5	0000  3FC00000 407FEF9E	  +  x	dd  1.5, 3.999,	0.7, 2.1, 4.09,	6.97, 7.6
      6	      3F333333 40066666	  +
      7	      4082E148 40DF0A3D	  +
      8	      40F33333
      9
     10	001C			     start:
     11	001C  8C C8			 mov	 ax,cs	     ;Настроить	сегментные
     12	001E  8E D8			 mov	 ds,ax	     ;регистры
     13	0020  9B DB E3			 finit		     ;инициализировать сопроцессор
     14	0023  9B D9 E8			 fld1		     ;загружаем	максимальную погрешность
     15	0026  BE 0000r			 lea si, [x]	     ;загружаем	массив
     16					 ; Настраиваем счетчик
     17	0029  B5 00			 mov ch, 0
     18	002B  B1 07			 mov cl, 7
     19					 ; Сохраняем результат
     20	002D  B7 00			 mov bh, 0; текущий индекс
     21	002F  B3 00			 mov bl, 0;индекс минимального числа
     22
     23	0031			     Repeated:
     24	0031  FE C7			 inc bh
     25	0033  9B D9 04			 fld dword ptr [si]  ;загрузить	х
     26	0036  83 C6 04			 add si, 4
     27	0039  9B D9 C0			 fld	 st(0)	     ;образовать копию x(i)			     ;st(0)-копия х,st	    +
     28				     (1)-теущий	х, st(2)-res
     29	003C  9B D9 FC			 frndint	     ;Округлить	до целого x1(i)			     ;st(0)-округленная	    +
     30				     копия х,st(1)-теущий х, st(2)-res
     31	003F  9B DE E9			 fsubp	 st(1),st(0) ;Вычитание	вещественное с выталкиванием	     ;st(0)-до ближайшего   +
     32				     целового х,st(1)-res
     33	0042  9B D9 E1			 fabs		     ;Модуль					     ;st(0)-модуль до	    +
     34				     ближайшего	целового,st(1)-res
     35	0045  9B D8 D1			 fcom	st(1)	     ;Сравниваем текущую масимальную погрешность     ;st(0)-до ближайшего   +
     36				     целового,st(1)-res
     37					     .286
     38	0048  9B DF E0			 fstsw ax	     ;Записываем значения кодов	условия
     39	004B  9E			 sahf		     ;загрузить	коды во	флаговый регистр
     40	004C  77 04			 ja	Processing   ;если >= переходим	на финальную обработку
     41	004E			     NewEps:
     42	004E  D9 C9			 fxch	 st(1)							     ;st(0)-res,st(1)-до    +
     43				     ближайшего	целового
     44	0050  8A DF			 mov bl, bh
     45
     46	0052			     Processing:
     47	0052  DD D8			 fstp st(0)		;Уменьшаем указатель стека  на 1
     48	0054  E2 DB			 loop Repeated
     49	0056			     Exit:
     50	0056  80 C3 30			     add bl,30h
     51	0059  B4 02			     mov ah,2h
     52	005B  8A D3			     mov dl, bl
     53	005D  CD 21			     int 21h
     54	005F  B8 4C00			 mov ax,4c00h	 ;вернуться в DOS
     55	0062  CD 21			 int 21h
     56	0064			     cseg ends
     57					 end start
Turbo Assembler	 Version 4.1	    04/05/24 08:45:38	    Page 2
Symbol Table




Symbol Name			  Type	 Value

??DATE				  Text	 "04/05/24"
??FILENAME			  Text	 "lab3	  "
??TIME				  Text	 "08:45:38"
??VERSION			  Number 040A
@CPU				  Text	 0707H
@CURSEG				  Text	 CSEG
@FILENAME			  Text	 LAB3
@WORDSIZE			  Text	 2
EXIT				  Near	 CSEG:0056
NEWEPS				  Near	 CSEG:004E
PROCESSING			  Near	 CSEG:0052
REPEATED			  Near	 CSEG:0031
START				  Near	 CSEG:001C
X				  Dword	 CSEG:0000

Groups & Segments		  Bit Size Align  Combine Class

CSEG				  16  0064 Para	  none
